{
  "RSpec": {
    "coverage": {
      "/home/binding-compressor-0070/tic-tac-toe-rb-dc-fasttrack-041319/lib/tic_tac_toe.rb": [
        null,
        null,
        1,
        0,
        0,
        0,
        0,
        0,
        null,
        null,
        null,
        1,
        2,
        2,
        2,
        2,
        2,
        null,
        null,
        1,
        6,
        null,
        null,
        1,
        3,
        null,
        null,
        1,
        61,
        null,
        null,
        1,
        6,
        null,
        null,
        1,
        3,
        3,
        3,
        3,
        2,
        0,
        null,
        1,
        null,
        null,
        null,
        null,
        1,
        null,
        0,
        0,
        0,
        0,
        null,
        null,
        null,
        null,
        1,
        null,
        2,
        2,
        18,
        5,
        null,
        null,
        null,
        2,
        null,
        null,
        1,
        null,
        1,
        null,
        1,
        1,
        null,
        0,
        null,
        null,
        null,
        null,
        null,
        null,
        null,
        null,
        1,
        null,
        null,
        null,
        null,
        null,
        null,
        null,
        null,
        null,
        1,
        12,
        null,
        null,
        218,
        189,
        null,
        79,
        6,
        null,
        73,
        null,
        null,
        null,
        null,
        1,
        1,
        null,
        62,
        9,
        null,
        null,
        null,
        1,
        7,
        null,
        null,
        1,
        3,
        null,
        null,
        1,
        null,
        4,
        4,
        3,
        null,
        null,
        null,
        null,
        null,
        1
      ]
    },
    "timestamp": 1555422659
  }
}
