{
  "RSpec": {
    "coverage": {
      "/home/binding-compressor-0070/tic-tac-toe-rb-dc-fasttrack-041319/lib/tic_tac_toe.rb": [
        null,
        null,
        1,
        null,
        null,
        null,
        null,
        null,
        null,
        null,
        null,
        null,
        null,
        null,
        1,
        0,
        0,
        0,
        0,
        0,
        null,
        null,
        null,
        1,
        138,
        null,
        null,
        null,
        1,
        0,
        null,
        null,
        null,
        1,
        23,
        null,
        null,
        null,
        1,
        138,
        null,
        null,
        null,
        1,
        null,
        141,
        null,
        141,
        141,
        138,
        138,
        0,
        0,
        null,
        138,
        null,
        null,
        null,
        null,
        1,
        null,
        141,
        141,
        1269,
        429,
        null,
        null,
        null,
        141,
        null,
        null,
        null,
        1,
        null,
        141,
        null,
        141,
        0,
        null,
        141,
        null,
        null,
        null,
        null,
        null,
        1,
        15,
        null,
        null,
        238,
        216,
        null,
        101,
        3,
        null,
        98,
        null,
        null,
        null,
        null,
        null,
        1,
        null,
        30,
        7,
        null,
        null,
        null,
        null,
        1,
        4,
        null,
        null,
        null,
        1,
        8,
        null,
        null,
        null,
        1,
        null,
        6,
        6,
        0,
        null,
        null,
        null,
        null,
        null,
        null,
        null,
        1,
        null,
        12,
        5,
        null,
        null,
        7,
        1,
        null,
        6,
        null,
        null,
        null,
        null,
        null,
        null,
        null,
        null,
        null,
        null,
        null,
        null,
        null,
        null,
        null,
        null,
        null,
        null,
        null,
        null,
        null
      ]
    },
    "timestamp": 1555424324
  }
}
